#
# There is insufficient memory for the Java Runtime Environment to continue.
# Native memory allocation (malloc) failed to allocate 32744 bytes for ChunkPool::allocate
# Possible reasons:
#   The system is out of physical RAM or swap space
#   In 32 bit mode, the process size limit was hit
# Possible solutions:
#   Reduce memory load on the system
#   Increase physical memory or swap space
#   Check if swap backing store is full
#   Use 64 bit Java on a 64 bit OS
#   Decrease Java heap size (-Xmx/-Xms)
#   Decrease number of Java threads
#   Decrease Java thread stack sizes (-Xss)
#   Set larger code cache with -XX:ReservedCodeCacheSize=
# This output file may be truncated or incomplete.
#
#  Out of Memory Error (allocation.cpp:273), pid=8172, tid=0x000000000000260c
#
# JRE version: OpenJDK Runtime Environment (8.0_152-b06) (build 1.8.0_152-release-1136-b06)
# Java VM: OpenJDK 64-Bit Server VM (25.152-b06 mixed mode windows-amd64 compressed oops)
# Failed to write core dump. Minidumps are not enabled by default on client versions of Windows
#

---------------  T H R E A D  ---------------

Current thread (0x0000000016cdd000):  JavaThread "C2 CompilerThread0" daemon [_thread_in_native, id=9740, stack(0x0000000018360000,0x0000000018460000)]

Stack: [0x0000000018360000,0x0000000018460000]
[error occurred during error reporting (printing stack bounds), id 0xc0000005]

Native frames: (J=compiled Java code, j=interpreted, Vv=VM code, C=native code)


Current CompileTask:
C2: 121791 13181       4       com.android.tools.r8.code.BaseInstructionFactory::create (3362 bytes)


---------------  P R O C E S S  ---------------

Java Threads: ( => current thread )
  0x000000001c2e7000 JavaThread "ForkJoinPool-14-worker-0" daemon [_thread_blocked, id=13888, stack(0x0000000028de0000,0x0000000028ee0000)]
  0x000000001c777000 JavaThread "ForkJoinPool-14-worker-3" daemon [_thread_blocked, id=8796, stack(0x0000000028ce0000,0x0000000028de0000)]
  0x000000001c778800 JavaThread "ForkJoinPool-14-worker-2" daemon [_thread_in_Java, id=6292, stack(0x0000000028be0000,0x0000000028ce0000)]
  0x000000001c2e8800 JavaThread "ForkJoinPool-14-worker-1" daemon [_thread_blocked, id=3288, stack(0x0000000028ae0000,0x0000000028be0000)]
  0x000000001c2e2800 JavaThread "ForkJoinPool-13-worker-0" daemon [_thread_blocked, id=5620, stack(0x0000000026a40000,0x0000000026b40000)]
  0x000000001c2e4800 JavaThread "ForkJoinPool-13-worker-2" daemon [_thread_blocked, id=13944, stack(0x0000000026840000,0x0000000026940000)]
  0x000000001c2db000 JavaThread "ForkJoinPool-13-worker-1" daemon [_thread_blocked, id=11872, stack(0x0000000026740000,0x0000000026840000)]
  0x000000001c2e0000 JavaThread "stdout" [_thread_in_native, id=5616, stack(0x0000000026640000,0x0000000026740000)]
  0x000000001c2e1800 JavaThread "stderr" [_thread_in_native, id=11788, stack(0x0000000026540000,0x0000000026640000)]
  0x000000001c2de800 JavaThread "pool-6-thread-1" [_thread_blocked, id=3628, stack(0x0000000026440000,0x0000000026540000)]
  0x000000001c2df800 JavaThread "Task worker for ':' Thread 3" [_thread_blocked, id=4992, stack(0x0000000026340000,0x0000000026440000)]
  0x000000001c2de000 JavaThread "Task worker for ':' Thread 2" [_thread_blocked, id=6824, stack(0x0000000026240000,0x0000000026340000)]
  0x000000001c2e1000 JavaThread "Task worker for ':'" [_thread_blocked, id=9944, stack(0x0000000026140000,0x0000000026240000)]
  0x000000001c2da000 JavaThread "Cache worker for Build Output Cleanup Cache (C:\Users\Joao\Desktop\OpenChargesMap\.gradle\buildOutputCleanup)" [_thread_blocked, id=11336, stack(0x0000000026040000,0x0000000026140000)]
  0x000000001c2dd000 JavaThread "Cache worker for task history cache (C:\Users\Joao\Desktop\OpenChargesMap\.gradle\4.6\taskHistory)" [_thread_blocked, id=13216, stack(0x0000000025f40000,0x0000000026040000)]
  0x000000001c2dc800 JavaThread "Cache worker for file content cache (C:\Users\Joao\Desktop\OpenChargesMap\.gradle\4.6\fileContent)" [_thread_blocked, id=3924, stack(0x0000000025e40000,0x0000000025f40000)]
  0x000000001c2d9800 JavaThread "Build operations Thread 4" [_thread_blocked, id=8324, stack(0x0000000025d40000,0x0000000025e40000)]
  0x000000001f8e8000 JavaThread "Build operations Thread 3" [_thread_blocked, id=2724, stack(0x0000000025c40000,0x0000000025d40000)]
  0x000000001f8e3800 JavaThread "Build operations Thread 2" [_thread_blocked, id=4188, stack(0x0000000025b40000,0x0000000025c40000)]
  0x000000001f8e7800 JavaThread "Build operations" [_thread_blocked, id=9864, stack(0x0000000025a40000,0x0000000025b40000)]
  0x000000001c783800 JavaThread "Cache worker for Artifact transforms cache (C:\Users\Joao\.gradle\caches\transforms-1)" [_thread_blocked, id=10108, stack(0x0000000025940000,0x0000000025a40000)]
  0x000000001c77c000 JavaThread "Cache worker for file hash cache (C:\Users\Joao\Desktop\OpenChargesMap\.gradle\4.6\fileHashes)" [_thread_blocked, id=10060, stack(0x0000000025840000,0x0000000025940000)]
  0x000000001c783000 JavaThread "Stdin handler" [_thread_blocked, id=11380, stack(0x0000000025740000,0x0000000025840000)]
  0x000000001c77b800 JavaThread "Asynchronous log dispatcher for DefaultDaemonConnection: socket connection from /127.0.0.1:9037 to /127.0.0.1:9080" [_thread_blocked, id=10040, stack(0x0000000025640000,0x0000000025740000)]
  0x000000001c782000 JavaThread "Cancel handler" [_thread_blocked, id=12676, stack(0x0000000025540000,0x0000000025640000)]
  0x000000001c781800 JavaThread "Handler for socket connection from /127.0.0.1:9037 to /127.0.0.1:9080" [_thread_in_native, id=3844, stack(0x0000000025440000,0x0000000025540000)]
  0x000000001c780800 JavaThread "pool-1-thread-1" [_thread_blocked, id=1544, stack(0x00000000237e0000,0x00000000238e0000)]
  0x000000001c777800 JavaThread "Memory manager" [_thread_blocked, id=2496, stack(0x00000000212e0000,0x00000000213e0000)]
  0x0000000019f1d000 JavaThread "File lock request listener" [_thread_in_native, id=3452, stack(0x000000001b7d0000,0x000000001b8d0000)]
  0x0000000019da3000 JavaThread "Cache worker for file hash cache (C:\Users\Joao\.gradle\caches\4.6\fileHashes)" [_thread_blocked, id=7624, stack(0x000000001b6d0000,0x000000001b7d0000)]
  0x0000000019dd4000 JavaThread "Daemon worker" [_thread_blocked, id=11168, stack(0x000000001b1d0000,0x000000001b2d0000)]
  0x0000000019d0a800 JavaThread "Daemon" [_thread_blocked, id=6600, stack(0x000000001acd0000,0x000000001add0000)]
  0x0000000019a3e000 JavaThread "Daemon periodic checks" [_thread_blocked, id=12312, stack(0x000000001abd0000,0x000000001acd0000)]
  0x0000000019bf7800 JavaThread "Incoming local TCP Connector on port 9037" [_thread_in_native, id=7212, stack(0x000000001a970000,0x000000001aa70000)]
  0x0000000018680800 JavaThread "Service Thread" daemon [_thread_blocked, id=14136, stack(0x0000000018a60000,0x0000000018b60000)]
  0x0000000016cf2800 JavaThread "C1 CompilerThread2" daemon [_thread_blocked, id=9328, stack(0x0000000018560000,0x0000000018660000)]
  0x0000000016ce5800 JavaThread "C2 CompilerThread1" daemon [_thread_in_native, id=10580, stack(0x0000000018460000,0x0000000018560000)]
=>0x0000000016cdd000 JavaThread "C2 CompilerThread0" daemon [_thread_in_native, id=9740, stack(0x0000000018360000,0x0000000018460000)]
  0x0000000016cda800 JavaThread "Attach Listener" daemon [_thread_blocked, id=1376, stack(0x0000000018260000,0x0000000018360000)]
  0x0000000016cd9000 JavaThread "Signal Dispatcher" daemon [_thread_blocked, id=10084, stack(0x0000000018160000,0x0000000018260000)]
  0x0000000003367000 JavaThread "Finalizer" daemon [_thread_blocked, id=13932, stack(0x0000000017f50000,0x0000000018050000)]
  0x0000000003361800 JavaThread "Reference Handler" daemon [_thread_blocked, id=11972, stack(0x0000000017e50000,0x0000000017f50000)]
  0x00000000030be000 JavaThread "main" [_thread_blocked, id=10644, stack(0x0000000003170000,0x0000000003270000)]

Other Threads:
  0x0000000016ca5000 VMThread [stack: 0x0000000017d50000,0x0000000017e50000] [id=6332]
  0x0000000016d3a800 WatcherThread [stack: 0x0000000018b60000,0x0000000018c60000] [id=9180]

VM state:not at safepoint (normal execution)

VM Mutex/Monitor currently owned by a thread: None

Heap:
 PSYoungGen      total 237568K, used 142131K [0x00000000e0000000, 0x00000000f5980000, 0x0000000100000000)
  eden space 212992K, 66% used [0x00000000e0000000,0x00000000e8acce30,0x00000000ed000000)
  from space 24576K, 0% used [0x00000000ed000000,0x00000000ed000000,0x00000000ee800000)
  to   space 53248K, 0% used [0x00000000f2580000,0x00000000f2580000,0x00000000f5980000)
 ParOldGen       total 145408K, used 128392K [0x00000000a0000000, 0x00000000a8e00000, 0x00000000e0000000)
  object space 145408K, 88% used [0x00000000a0000000,0x00000000a7d623d8,0x00000000a8e00000)
 Metaspace       used 72550K, capacity 75708K, committed 75904K, reserved 1114112K
  class space    used 9572K, capacity 10298K, committed 10368K, reserved 1048576K

Card table byte_map: [0x0000000012730000,0x0000000012a40000] byte_map_base: 0x0000000012230000

Marking Bits: (ParMarkBitMap*) 0x0000000060d65aa0
 Begin Bits: [0x0000000013040000, 0x0000000014840000)
 End Bits:   [0x0000000014840000, 0x0000000016040000)

Polling page: 0x00000000013d0000

CodeCache: size=245760Kb used=37621Kb max_used=37621Kb free=208138Kb
 bounds [0x0000000003370000, 0x0000000005860000, 0x0000000012370000]
 total_blobs=12064 nmethods=11254 adapters=721
 compilation: enabled

Compilation events (10 events):
Event: 121.714 Thread 0x0000000016cf2800 13290       2       com.android.tools.r8.code.AddInt::<init> (7 bytes)
Event: 121.714 Thread 0x0000000016cf2800 nmethod 13290 0x000000000585ac90 code [0x000000000585ae00, 0x000000000585b098]
Event: 121.714 Thread 0x0000000016cf2800 13291       2       com.android.tools.r8.code.IfGez::<init> (7 bytes)
Event: 121.714 Thread 0x0000000016cf2800 nmethod 13291 0x000000000585a750 code [0x000000000585a8c0, 0x000000000585aac8]
Event: 121.728 Thread 0x0000000016cf2800 13292       2       com.android.tools.r8.code.IfGt::<init> (7 bytes)
Event: 121.728 Thread 0x0000000016cf2800 nmethod 13292 0x000000000585bf90 code [0x000000000585c100, 0x000000000585c328]
Event: 121.728 Thread 0x0000000016cf2800 13293       2       com.android.tools.r8.code.CmpLong::<init> (7 bytes)
Event: 121.729 Thread 0x0000000016cf2800 nmethod 13293 0x000000000585c510 code [0x000000000585c680, 0x000000000585c918]
Event: 121.739 Thread 0x0000000016cf2800 13294       2       com.android.tools.r8.code.IntToLong::<init> (7 bytes)
Event: 121.739 Thread 0x0000000016cf2800 nmethod 13294 0x000000000585cb50 code [0x000000000585cca0, 0x000000000585ce50]

GC Heap History (10 events):
Event: 25.920 GC heap before
{Heap before GC invocations=17 (full 3):
 PSYoungGen      total 165888K, used 149504K [0x00000000e0000000, 0x00000000ef000000, 0x0000000100000000)
  eden space 149504K, 100% used [0x00000000e0000000,0x00000000e9200000,0x00000000e9200000)
  from space 16384K, 0% used [0x00000000e9200000,0x00000000e9200000,0x00000000ea200000)
  to   space 17408K, 0% used [0x00000000edf00000,0x00000000edf00000,0x00000000ef000000)
 ParOldGen       total 145408K, used 46883K [0x00000000a0000000, 0x00000000a8e00000, 0x00000000e0000000)
  object space 145408K, 32% used [0x00000000a0000000,0x00000000a2dc8c48,0x00000000a8e00000)
 Metaspace       used 62014K, capacity 64482K, committed 64640K, reserved 1105920K
  class space    used 8368K, capacity 9015K, committed 9088K, reserved 1048576K
Event: 25.941 GC heap after
Heap after GC invocations=17 (full 3):
 PSYoungGen      total 193536K, used 9045K [0x00000000e0000000, 0x00000000ee800000, 0x0000000100000000)
  eden space 184320K, 0% used [0x00000000e0000000,0x00000000e0000000,0x00000000eb400000)
  from space 9216K, 98% used [0x00000000edf00000,0x00000000ee7d54d0,0x00000000ee800000)
  to   space 16384K, 0% used [0x00000000ec800000,0x00000000ec800000,0x00000000ed800000)
 ParOldGen       total 145408K, used 46891K [0x00000000a0000000, 0x00000000a8e00000, 0x00000000e0000000)
  object space 145408K, 32% used [0x00000000a0000000,0x00000000a2dcac48,0x00000000a8e00000)
 Metaspace       used 62014K, capacity 64482K, committed 64640K, reserved 1105920K
  class space    used 8368K, capacity 9015K, committed 9088K, reserved 1048576K
}
Event: 103.795 GC heap before
{Heap before GC invocations=18 (full 3):
 PSYoungGen      total 193536K, used 193365K [0x00000000e0000000, 0x00000000ee800000, 0x0000000100000000)
  eden space 184320K, 100% used [0x00000000e0000000,0x00000000eb400000,0x00000000eb400000)
  from space 9216K, 98% used [0x00000000edf00000,0x00000000ee7d54d0,0x00000000ee800000)
  to   space 16384K, 0% used [0x00000000ec800000,0x00000000ec800000,0x00000000ed800000)
 ParOldGen       total 145408K, used 46891K [0x00000000a0000000, 0x00000000a8e00000, 0x00000000e0000000)
  object space 145408K, 32% used [0x00000000a0000000,0x00000000a2dcac48,0x00000000a8e00000)
 Metaspace       used 66246K, capacity 68976K, committed 69248K, reserved 1110016K
  class space    used 8822K, capacity 9512K, committed 9600K, reserved 1048576K
Event: 103.814 GC heap after
Heap after GC invocations=18 (full 3):
 PSYoungGen      total 221184K, used 13656K [0x00000000e0000000, 0x00000000ef900000, 0x0000000100000000)
  eden space 204800K, 0% used [0x00000000e0000000,0x00000000e0000000,0x00000000ec800000)
  from space 16384K, 83% used [0x00000000ec800000,0x00000000ed556338,0x00000000ed800000)
  to   space 17408K, 0% used [0x00000000ee800000,0x00000000ee800000,0x00000000ef900000)
 ParOldGen       total 145408K, used 46899K [0x00000000a0000000, 0x00000000a8e00000, 0x00000000e0000000)
  object space 145408K, 32% used [0x00000000a0000000,0x00000000a2dccc48,0x00000000a8e00000)
 Metaspace       used 66246K, capacity 68976K, committed 69248K, reserved 1110016K
  class space    used 8822K, capacity 9512K, committed 9600K, reserved 1048576K
}
Event: 113.514 GC heap before
{Heap before GC invocations=19 (full 3):
 PSYoungGen      total 221184K, used 218456K [0x00000000e0000000, 0x00000000ef900000, 0x0000000100000000)
  eden space 204800K, 99% used [0x00000000e0000000,0x00000000ec7ffd18,0x00000000ec800000)
  from space 16384K, 83% used [0x00000000ec800000,0x00000000ed556338,0x00000000ed800000)
  to   space 17408K, 0% used [0x00000000ee800000,0x00000000ee800000,0x00000000ef900000)
 ParOldGen       total 145408K, used 46899K [0x00000000a0000000, 0x00000000a8e00000, 0x00000000e0000000)
  object space 145408K, 32% used [0x00000000a0000000,0x00000000a2dccc48,0x00000000a8e00000)
 Metaspace       used 68846K, capacity 71582K, committed 71808K, reserved 1112064K
  class space    used 9087K, capacity 9767K, committed 9856K, reserved 1048576K
Event: 113.542 GC heap after
Heap after GC invocations=19 (full 3):
 PSYoungGen      total 230400K, used 17404K [0x00000000e0000000, 0x00000000f1980000, 0x0000000100000000)
  eden space 212992K, 0% used [0x00000000e0000000,0x00000000e0000000,0x00000000ed000000)
  from space 17408K, 99% used [0x00000000ee800000,0x00000000ef8ff2e8,0x00000000ef900000)
  to   space 24576K, 0% used [0x00000000ed000000,0x00000000ed000000,0x00000000ee800000)
 ParOldGen       total 145408K, used 61032K [0x00000000a0000000, 0x00000000a8e00000, 0x00000000e0000000)
  object space 145408K, 41% used [0x00000000a0000000,0x00000000a3b9a1c8,0x00000000a8e00000)
 Metaspace       used 68846K, capacity 71582K, committed 71808K, reserved 1112064K
  class space    used 9087K, capacity 9767K, committed 9856K, reserved 1048576K
}
Event: 116.741 GC heap before
{Heap before GC invocations=20 (full 3):
 PSYoungGen      total 230400K, used 230396K [0x00000000e0000000, 0x00000000f1980000, 0x0000000100000000)
  eden space 212992K, 100% used [0x00000000e0000000,0x00000000ed000000,0x00000000ed000000)
  from space 17408K, 99% used [0x00000000ee800000,0x00000000ef8ff2e8,0x00000000ef900000)
  to   space 24576K, 0% used [0x00000000ed000000,0x00000000ed000000,0x00000000ee800000)
 ParOldGen       total 145408K, used 61032K [0x00000000a0000000, 0x00000000a8e00000, 0x00000000e0000000)
  object space 145408K, 41% used [0x00000000a0000000,0x00000000a3b9a1c8,0x00000000a8e00000)
 Metaspace       used 72220K, capacity 75176K, committed 75392K, reserved 1114112K
  class space    used 9538K, capacity 10262K, committed 10368K, reserved 1048576K
Event: 116.887 GC heap after
Heap after GC invocations=20 (full 3):
 PSYoungGen      total 237568K, used 24552K [0x00000000e0000000, 0x00000000f5980000, 0x0000000100000000)
  eden space 212992K, 0% used [0x00000000e0000000,0x00000000e0000000,0x00000000ed000000)
  from space 24576K, 99% used [0x00000000ed000000,0x00000000ee7fa048,0x00000000ee800000)
  to   space 53248K, 0% used [0x00000000f2580000,0x00000000f2580000,0x00000000f5980000)
 ParOldGen       total 145408K, used 128700K [0x00000000a0000000, 0x00000000a8e00000, 0x00000000e0000000)
  object space 145408K, 88% used [0x00000000a0000000,0x00000000a7daf220,0x00000000a8e00000)
 Metaspace       used 72220K, capacity 75176K, committed 75392K, reserved 1114112K
  class space    used 9538K, capacity 10262K, committed 10368K, reserved 1048576K
}
Event: 116.887 GC heap before
{Heap before GC invocations=21 (full 4):
 PSYoungGen      total 237568K, used 24552K [0x00000000e0000000, 0x00000000f5980000, 0x0000000100000000)
  eden space 212992K, 0% used [0x00000000e0000000,0x00000000e0000000,0x00000000ed000000)
  from space 24576K, 99% used [0x00000000ed000000,0x00000000ee7fa048,0x00000000ee800000)
  to   space 53248K, 0% used [0x00000000f2580000,0x00000000f2580000,0x00000000f5980000)
 ParOldGen       total 145408K, used 128700K [0x00000000a0000000, 0x00000000a8e00000, 0x00000000e0000000)
  object space 145408K, 88% used [0x00000000a0000000,0x00000000a7daf220,0x00000000a8e00000)
 Metaspace       used 72220K, capacity 75176K, committed 75392K, reserved 1114112K
  class space    used 9538K, capacity 10262K, committed 10368K, reserved 1048576K
Event: 117.952 GC heap after
Heap after GC invocations=21 (full 4):
 PSYoungGen      total 237568K, used 0K [0x00000000e0000000, 0x00000000f5980000, 0x0000000100000000)
  eden space 212992K, 0% used [0x00000000e0000000,0x00000000e0000000,0x00000000ed000000)
  from space 24576K, 0% used [0x00000000ed000000,0x00000000ed000000,0x00000000ee800000)
  to   space 53248K, 0% used [0x00000000f2580000,0x00000000f2580000,0x00000000f5980000)
 ParOldGen       total 145408K, used 128392K [0x00000000a0000000, 0x00000000a8e00000, 0x00000000e0000000)
  object space 145408K, 88% used [0x00000000a0000000,0x00000000a7d623d8,0x00000000a8e00000)
 Metaspace       used 72200K, capacity 75118K, committed 75392K, reserved 1114112K
  class space    used 9531K, capacity 10249K, committed 10368K, reserved 1048576K
}

Deoptimization events (10 events):
Event: 118.986 Thread 0x000000001c2e8800 Uncommon trap: reason=bimorphic action=maybe_recompile pc=0x0000000005320a98 method=java.util.Spliterators$IteratorSpliterator.tryAdvance(Ljava/util/function/Consumer;)Z @ 50
Event: 118.987 Thread 0x000000001c2e8800 Uncommon trap: reason=unstable_if action=reinterpret pc=0x0000000004e682c8 method=java.nio.file.FileTreeWalker.getAttributes(Ljava/nio/file/Path;Z)Ljava/nio/file/attribute/BasicFileAttributes; @ 35
Event: 118.987 Thread 0x000000001c2e8800 Uncommon trap: reason=bimorphic action=maybe_recompile pc=0x0000000005320a98 method=java.util.Spliterators$IteratorSpliterator.tryAdvance(Ljava/util/function/Consumer;)Z @ 50
Event: 118.987 Thread 0x000000001c2e8800 Uncommon trap: reason=bimorphic action=maybe_recompile pc=0x0000000005320a98 method=java.util.Spliterators$IteratorSpliterator.tryAdvance(Ljava/util/function/Consumer;)Z @ 50
Event: 118.993 Thread 0x000000001c2e8800 Uncommon trap: reason=class_check action=maybe_recompile pc=0x00000000053216ac method=java.util.Spliterators$1Adapter.hasNext()Z @ 12
Event: 119.002 Thread 0x000000001c2e8800 Uncommon trap: reason=class_check action=maybe_recompile pc=0x00000000053216ac method=java.util.Spliterators$1Adapter.hasNext()Z @ 12
Event: 121.408 Thread 0x000000001c2e8800 Uncommon trap: reason=unstable_if action=reinterpret pc=0x00000000043a9854 method=sun.nio.fs.WindowsPathParser.isSlash(C)Z @ 9
Event: 121.408 Thread 0x000000001c2e8800 Uncommon trap: reason=unstable_if action=reinterpret pc=0x00000000034a40f8 method=sun.nio.fs.WindowsPathParser.isSlash(C)Z @ 9
Event: 121.410 Thread 0x000000001c2e8800 Uncommon trap: reason=unstable_if action=reinterpret pc=0x00000000041cf878 method=sun.nio.fs.WindowsPathParser.isSlash(C)Z @ 9
Event: 121.580 Thread 0x000000001c2e8800 Uncommon trap: reason=unstable_if action=reinterpret pc=0x0000000005839854 method=java.util.concurrent.ForkJoinPool.helpStealer(Ljava/util/concurrent/ForkJoinPool$WorkQueue;Ljava/util/concurrent/ForkJoinTask;)V @ 95

Classes redefined (0 events):
No events

Internal exceptions (10 events):
Event: 103.999 Thread 0x0000000019dd4000 Exception <a 'sun/nio/fs/WindowsException'> (0x00000000e02ac628) thrown at [D:\src\AOSP-openjdk-cygwin\jdk8u\hotspot\src\share\vm\prims\jni.cpp, line 709]
Event: 103.999 Thread 0x0000000019dd4000 Exception <a 'sun/nio/fs/WindowsException'> (0x00000000e02ad318) thrown at [D:\src\AOSP-openjdk-cygwin\jdk8u\hotspot\src\share\vm\prims\jni.cpp, line 709]
Event: 111.920 Thread 0x000000001c2de000 Exception <a 'sun/nio/fs/WindowsException'> (0x00000000ea82bc20) thrown at [D:\src\AOSP-openjdk-cygwin\jdk8u\hotspot\src\share\vm\prims\jni.cpp, line 709]
Event: 113.370 Thread 0x000000001c2de000 Exception <a 'sun/nio/fs/WindowsException'> (0x00000000ebe390c8) thrown at [D:\src\AOSP-openjdk-cygwin\jdk8u\hotspot\src\share\vm\prims\jni.cpp, line 709]
Event: 113.902 Thread 0x000000001c2e7000 Implicit null exception at 0x0000000003fcfdef to 0x0000000003fcfedd
Event: 113.902 Thread 0x000000001c2e4800 Implicit null exception at 0x0000000003fcfdef to 0x0000000003fcfedd
Event: 113.902 Thread 0x000000001c2db000 Implicit null exception at 0x0000000003fcfdef to 0x0000000003fcfedd
Event: 113.902 Thread 0x000000001c2e2800 Implicit null exception at 0x0000000003fcfdef to 0x0000000003fcfedd
Event: 118.634 Thread 0x000000001c2e7000 Exception <a 'sun/nio/fs/WindowsException'> (0x00000000e30a1a30) thrown at [D:\src\AOSP-openjdk-cygwin\jdk8u\hotspot\src\share\vm\prims\jni.cpp, line 709]
Event: 121.486 Thread 0x000000001c2e8800 Exception <a 'sun/nio/fs/WindowsException'> (0x00000000e3eb7810) thrown at [D:\src\AOSP-openjdk-cygwin\jdk8u\hotspot\src\share\vm\prims\jni.cpp, line 709]

Events (10 events):
Event: 121.587 Thread 0x000000001c777000 DEOPT PACKING pc=0x00000000054c8f22 sp=0x0000000028ddf190
Event: 121.587 Thread 0x000000001c777000 DEOPT UNPACKING pc=0x00000000033b75d0 sp=0x0000000028ddeec0 mode 0
Event: 121.588 Executing VM operation: RevokeBias
Event: 121.588 Executing VM operation: RevokeBias done
Event: 121.591 Executing VM operation: RevokeBias
Event: 121.591 Executing VM operation: RevokeBias done
Event: 121.593 Executing VM operation: RevokeBias
Event: 121.594 Executing VM operation: RevokeBias done
Event: 121.594 Executing VM operation: BulkRevokeBias
Event: 121.595 Executing VM operation: BulkRevokeBias done


Dynamic libraries:
0x00007ff729420000 - 0x00007ff729451000 	C:\Program Files\Android\Android Studio\jre\bin\java.exe
0x00007ffbc9ef0000 - 0x00007ffbca0d1000 	C:\WINDOWS\SYSTEM32\ntdll.dll
0x00007ffbc95c0000 - 0x00007ffbc9672000 	C:\WINDOWS\System32\KERNEL32.DLL
0x00007ffbc64b0000 - 0x00007ffbc6723000 	C:\WINDOWS\System32\KERNELBASE.dll
0x00007ffbc8fa0000 - 0x00007ffbc9041000 	C:\WINDOWS\System32\ADVAPI32.dll
0x00007ffbc9050000 - 0x00007ffbc90ee000 	C:\WINDOWS\System32\msvcrt.dll
0x00007ffbc90f0000 - 0x00007ffbc914b000 	C:\WINDOWS\System32\sechost.dll
0x00007ffbc9d90000 - 0x00007ffbc9eb4000 	C:\WINDOWS\System32\RPCRT4.dll
0x00007ffbc9bd0000 - 0x00007ffbc9d60000 	C:\WINDOWS\System32\USER32.dll
0x00007ffbc6f70000 - 0x00007ffbc6f90000 	C:\WINDOWS\System32\win32u.dll
0x00007ffbc9d60000 - 0x00007ffbc9d88000 	C:\WINDOWS\System32\GDI32.dll
0x00007ffbc6310000 - 0x00007ffbc64a2000 	C:\WINDOWS\System32\gdi32full.dll
0x00007ffbc7090000 - 0x00007ffbc712f000 	C:\WINDOWS\System32\msvcp_win.dll
0x00007ffbc6f90000 - 0x00007ffbc708a000 	C:\WINDOWS\System32\ucrtbase.dll
0x00007ffbb7f80000 - 0x00007ffbb81e9000 	C:\WINDOWS\WinSxS\amd64_microsoft.windows.common-controls_6595b64144ccf1df_6.0.17134.523_none_fb409dd930672a56\COMCTL32.dll
0x00007ffbc8ad0000 - 0x00007ffbc8df2000 	C:\WINDOWS\System32\combase.dll
0x00007ffbc6730000 - 0x00007ffbc67aa000 	C:\WINDOWS\System32\bcryptPrimitives.dll
0x00007ffbc92e0000 - 0x00007ffbc930d000 	C:\WINDOWS\System32\IMM32.DLL
0x00000000604c0000 - 0x0000000060592000 	C:\Program Files\Android\Android Studio\jre\jre\bin\msvcr100.dll
0x00000000605a0000 - 0x0000000060de1000 	C:\Program Files\Android\Android Studio\jre\jre\bin\server\jvm.dll
0x00007ffbc8a60000 - 0x00007ffbc8a68000 	C:\WINDOWS\System32\PSAPI.DLL
0x00007ffbc4e50000 - 0x00007ffbc4e59000 	C:\WINDOWS\SYSTEM32\WSOCK32.dll
0x00007ffbc1f90000 - 0x00007ffbc1fb3000 	C:\WINDOWS\SYSTEM32\WINMM.dll
0x00007ffbc9320000 - 0x00007ffbc938c000 	C:\WINDOWS\System32\WS2_32.dll
0x00007ffbc0530000 - 0x00007ffbc053a000 	C:\WINDOWS\SYSTEM32\VERSION.dll
0x00007ffbc1e80000 - 0x00007ffbc1eaa000 	C:\WINDOWS\SYSTEM32\winmmbase.dll
0x00007ffbc62c0000 - 0x00007ffbc6309000 	C:\WINDOWS\System32\cfgmgr32.dll
0x00007ffbc22e0000 - 0x00007ffbc22ef000 	C:\Program Files\Android\Android Studio\jre\jre\bin\verify.dll
0x00007ffbc1e10000 - 0x00007ffbc1e39000 	C:\Program Files\Android\Android Studio\jre\jre\bin\java.dll
0x00007ffbc17f0000 - 0x00007ffbc1806000 	C:\Program Files\Android\Android Studio\jre\jre\bin\zip.dll
0x00007ffbc7380000 - 0x00007ffbc87c0000 	C:\WINDOWS\System32\SHELL32.dll
0x00007ffbc9230000 - 0x00007ffbc92d9000 	C:\WINDOWS\System32\shcore.dll
0x00007ffbc6860000 - 0x00007ffbc6f6d000 	C:\WINDOWS\System32\windows.storage.dll
0x00007ffbc8a70000 - 0x00007ffbc8ac1000 	C:\WINDOWS\System32\shlwapi.dll
0x00007ffbc6210000 - 0x00007ffbc6221000 	C:\WINDOWS\System32\kernel.appcore.dll
0x00007ffbc62a0000 - 0x00007ffbc62bf000 	C:\WINDOWS\System32\profapi.dll
0x00007ffbc6230000 - 0x00007ffbc627c000 	C:\WINDOWS\System32\powrprof.dll
0x00007ffbc6200000 - 0x00007ffbc620a000 	C:\WINDOWS\System32\FLTLIB.DLL
0x00007ffbc0bc0000 - 0x00007ffbc0bda000 	C:\Program Files\Android\Android Studio\jre\jre\bin\net.dll
0x00007ffbc5a80000 - 0x00007ffbc5ae6000 	C:\WINDOWS\system32\mswsock.dll
0x00007ffbc06b0000 - 0x00007ffbc06c1000 	C:\Program Files\Android\Android Studio\jre\jre\bin\nio.dll
0x00007ffbbff60000 - 0x00007ffbbff7e000 	C:\Users\Joao\.gradle\native\25\windows-amd64\native-platform.dll
0x00007ffbc1e50000 - 0x00007ffbc1e5d000 	C:\Program Files\Android\Android Studio\jre\jre\bin\management.dll
0x00007ffbc5c40000 - 0x00007ffbc5c57000 	C:\WINDOWS\SYSTEM32\CRYPTSP.dll
0x00007ffbc5660000 - 0x00007ffbc5693000 	C:\WINDOWS\system32\rsaenh.dll
0x00007ffbc5d60000 - 0x00007ffbc5d85000 	C:\WINDOWS\SYSTEM32\bcrypt.dll
0x00007ffbc6130000 - 0x00007ffbc6158000 	C:\WINDOWS\SYSTEM32\USERENV.dll
0x00007ffbc5c30000 - 0x00007ffbc5c3b000 	C:\WINDOWS\SYSTEM32\CRYPTBASE.dll
0x00007ffbc5800000 - 0x00007ffbc5838000 	C:\WINDOWS\SYSTEM32\IPHLPAPI.DLL
0x00007ffbc88d0000 - 0x00007ffbc88d8000 	C:\WINDOWS\System32\NSI.dll
0x00007ffbc0550000 - 0x00007ffbc0566000 	C:\WINDOWS\SYSTEM32\dhcpcsvc6.DLL
0x00007ffbbf3c0000 - 0x00007ffbbf3da000 	C:\WINDOWS\SYSTEM32\dhcpcsvc.DLL

VM Arguments:
jvm_args: -Xmx1536m -Dfile.encoding=windows-1252 -Duser.country=PT -Duser.language=pt -Duser.variant 
java_command: org.gradle.launcher.daemon.bootstrap.GradleDaemon 4.6
java_class_path (initial): C:\Users\Joao\.gradle\wrapper\dists\gradle-4.6-all\bcst21l2brirad8k2ben1letg\gradle-4.6\lib\gradle-launcher-4.6.jar
Launcher Type: SUN_STANDARD

Environment Variables:
CLASSPATH=C:\Users\Joao\Documents\Faculdade\PEI\Xerces-J-src.2.11.0\xerces-2_11_0\xercesSamples.jar
PATH=C:\ProgramData\Oracle\Java\javapath;C:\WINDOWS\system32;C:\WINDOWS;C:\WINDOWS\System32\Wbem;C:\WINDOWS\System32\WindowsPowerShell\v1.0\;C:\Program Files (x86)\NVIDIA Corporation\PhysX\Common;C:\Program Files\Liquid Technologies\Liquid Studio 2017\XmlDataBinder15\Redist15\cpp\win32\bin;C:\Program Files\Liquid Technologies\Liquid Studio 2017\XmlDataBinder15\Redist15\cpp\win64\bin;C:\Program Files\NetBeans 8.2\extide\ant\bin;C:\WINDOWS\system32;C:\WINDOWS;C:\WINDOWS\System32\Wbem;C:\WINDOWS\System32\WindowsPowerShell\v1.0\;C:\WINDOWS\System32\OpenSSH\;C:\Program Files\Microsoft SQL Server\Client SDK\ODBC\130\Tools\Binn\;C:\Program Files (x86)\Microsoft SQL Server\140\Tools\Binn\;C:\Program Files\Microsoft SQL Server\140\Tools\Binn\;C:\Program Files\Microsoft SQL Server\140\DTS\Binn\;C:\Program Files (x86)\Microsoft SQL Server\Client SDK\ODBC\130\Tools\Binn\;C:\Program Files (x86)\Microsoft SQL Server\140\DTS\Binn\;C:\Program Files (x86)\Microsoft SQL Server\140\Tools\Binn\ManagementStudio\;C:\Program Files (x86)\Microsoft SQL Server\100\Tools\Binn\;C:\Program Files (x86)\Microsoft SQL Server\100\DTS\Binn\;C:\Program Files\Git\cmd;C:\Program Files\NVIDIA Corporation\NVIDIA NvDLISR;C:\Users\Joao\AppData\Local\Microsoft\WindowsApps;
USERNAME=Joao
OS=Windows_NT
PROCESSOR_IDENTIFIER=Intel64 Family 6 Model 61 Stepping 4, GenuineIntel



---------------  S Y S T E M  ---------------

OS: Windows 10.0 , 64 bit Build 17134 (10.0.17134.1)

CPU:total 4 (initial active 4) (2 cores per cpu, 2 threads per core) family 6 model 61 stepping 4, cmov, cx8, fxsr, mmx, sse, sse2, sse3, ssse3, sse4.1, sse4.2, popcnt, avx, avx2, aes, clmul, erms, 3dnowpref, lzcnt, ht, tsc, tscinvbit, bmi1, bmi2, adx

Memory: 4k page, physical 8288728k(245888k free), swap 17413592k(3348k free)

vm_info: OpenJDK 64-Bit Server VM (25.152-b06) for windows-amd64 JRE (1.8.0_152-release-1136-b06), built by "builder" with MS VC++ 10.0 (VS2010)

time: Fri Feb 08 14:08:45 2019
elapsed time: 121 seconds (0d 0h 2m 1s)

