#
# A fatal error has been detected by the Java Runtime Environment:
#
#  EXCEPTION_ACCESS_VIOLATION (0xc0000005) at pc=0x000000006adc3480, pid=5564, tid=0x00000000000011d4
#
# JRE version: OpenJDK Runtime Environment (8.0_152-b06) (build 1.8.0_152-release-1136-b06)
# Java VM: OpenJDK 64-Bit Server VM (25.152-b06 mixed mode windows-amd64 compressed oops)
# Problematic frame:
# C  0x000000006adc3480
#
# Failed to write core dump. Minidumps are not enabled by default on client versions of Windows
#
# If you would like to submit a bug report, please visit:
#   http://bugreport.java.com/bugreport/crash.jsp
# The crash happened outside the Java Virtual Machine in native code.
# See problematic frame for where to report the bug.
#

---------------  T H R E A D  ---------------

Current thread (0x00000000026e8000):  JavaThread "Finalizer" daemon [_thread_in_native, id=4564, stack(0x00000000172f0000,0x00000000173f0000)]

siginfo: ExceptionCode=0xc0000005, ExceptionInformation=0x0000000000000008 0x000000006adc3480

Registers:
RAX=0x000000006adc3480, RBX=0x00000000249f6990, RCX=0x00000000026e81e0, RDX=0x00000000173ef0a8
RSP=0x00000000173ef008, RBP=0x00000000173ef088, RSI=0x0000000015cfd278, RDI=0x00000001000062c8
R8 =0x0000000000000005, R9 =0x00000000a2ea31c8, R10=0x00000000027194ef, R11=0x000000005a784250
R12=0x0000000000000000, R13=0x00000000249f6990, R14=0x00000000173ef0a8, R15=0x00000000026e8000
RIP=0x000000006adc3480, EFLAGS=0x0000000000010206

Top of Stack: (sp=0x00000000173ef008)
0x00000000173ef008:   000000000271951b 000000006adc20a0
0x00000000173ef018:   00000000173ef160 000000006adc0000
0x00000000173ef028:   000000001b8a5e20 00000000173ef100
0x00000000173ef038:   0000000000000000 00000000a2ea31c8
0x00000000173ef048:   00000000173ef038 0000000000000000
0x00000000173ef058:   00000000173ef0a8 000000001e3ecbf0
0x00000000173ef068:   0000000000000000 00000000249f6990
0x00000000173ef078:   0000000000000000 00000000173ef0a8
0x00000000173ef088:   00000000173ef110 000000000270809d
0x00000000173ef098:   0000000000000000 0000000002711f18
0x00000000173ef0a8:   00000000a2ea31c8 00000000a2ea3200
0x00000000173ef0b8:   0000000000000000 0000000000000019
0x00000000173ef0c8:   00000000a2ea31c8 00000000173ef0b0
0x00000000173ef0d8:   00000000249f06c6 00000000173ef148
0x00000000173ef0e8:   000000001e3ec400 0000000000000000
0x00000000173ef0f8:   00000000249f0760 00000000173ef0a8 

Instructions: (pc=0x000000006adc3480)
0x000000006adc3460:   
[error occurred during error reporting (printing registers, top of stack, instructions near pc), id 0xc0000005]

Register to memory mapping:

RAX=0x000000006adc3480 is an unknown value
RBX={method} {0x00000000249f6998} 'free_functions' '()V' in 'org/sqlite/core/NativeDB'
RCX=0x00000000026e81e0 is an unknown value
RDX=0x00000000173ef0a8 is pointing into the stack for thread: 0x00000000026e8000
RSP=0x00000000173ef008 is pointing into the stack for thread: 0x00000000026e8000
RBP=0x00000000173ef088 is pointing into the stack for thread: 0x00000000026e8000
RSI=0x0000000015cfd278 is pointing into metadata
RDI=0x00000001000062c8 is pointing into metadata
R8 =0x0000000000000005 is an unknown value
R9 =0x00000000a2ea31c8 is an oop
org.sqlite.core.NativeDB 
 - klass: 'org/sqlite/core/NativeDB'
R10=0x00000000027194ef is at code_begin+1295 in an Interpreter codelet
method entry point (kind = native_synchronized)  [0x0000000002718fe0, 0x0000000002719b40]  2912 bytes
R11=0x000000005a784250 is an unknown value
R12=0x0000000000000000 is an unknown value
R13={method} {0x00000000249f6998} 'free_functions' '()V' in 'org/sqlite/core/NativeDB'
R14=0x00000000173ef0a8 is pointing into the stack for thread: 0x00000000026e8000
R15=0x00000000026e8000 is a thread


Stack: [0x00000000172f0000,0x00000000173f0000],  sp=0x00000000173ef008,  free space=1020k
Native frames: (J=compiled Java code, j=interpreted, Vv=VM code, C=native code)
C  0x000000006adc3480

Java frames: (J=compiled Java code, j=interpreted, Vv=VM code)
j  org.sqlite.core.NativeDB.free_functions()V+0
j  org.sqlite.core.DB.close()V+102
j  org.sqlite.core.CoreConnection.close()V+26
j  org.sqlite.core.CoreConnection.finalize()V+1
J 1776 C2 java.lang.ref.Finalizer.runFinalizer(Lsun/misc/JavaLangAccess;)V (62 bytes) @ 0x0000000002d07e20 [0x0000000002d07c40+0x1e0]
J 20928% C1 java.lang.ref.Finalizer$FinalizerThread.run()V (55 bytes) @ 0x0000000005f4b854 [0x0000000005f4ae40+0xa14]
v  ~StubRoutines::call_stub

---------------  P R O C E S S  ---------------

Java Threads: ( => current thread )
  0x000000001ebcf800 JavaThread "ForkJoinPool.commonPool-worker-0" daemon [_thread_in_vm, id=4280, stack(0x0000000032b60000,0x0000000032c60000)]
  0x000000001ebd3800 JavaThread "ForkJoinPool.commonPool-worker-3" daemon [_thread_blocked, id=7896, stack(0x0000000032a60000,0x0000000032b60000)]
  0x000000001ebd5000 JavaThread "ForkJoinPool.commonPool-worker-2" daemon [_thread_blocked, id=5348, stack(0x0000000032960000,0x0000000032a60000)]
  0x000000001ebd2800 JavaThread "Cache worker for Java compile cache (C:\Users\Joao\Desktop\OpenChargesMap\.gradle\4.6\javaCompile)" [_thread_blocked, id=2400, stack(0x0000000032860000,0x0000000032960000)]
  0x000000001ebcd800 JavaThread "Task worker for ':' Thread 3" [_thread_blocked, id=296, stack(0x0000000032760000,0x0000000032860000)]
  0x000000001ebcb000 JavaThread "Task worker for ':' Thread 2" [_thread_blocked, id=8828, stack(0x0000000032660000,0x0000000032760000)]
  0x000000001ebca800 JavaThread "Task worker for ':'" [_thread_blocked, id=4324, stack(0x0000000032560000,0x0000000032660000)]
  0x000000001b005800 JavaThread "Cache worker for Build Output Cleanup Cache (C:\Users\Joao\Desktop\OpenChargesMap\.gradle\buildOutputCleanup)" [_thread_blocked, id=6024, stack(0x0000000032460000,0x0000000032560000)]
  0x000000001b004000 JavaThread "Cache worker for task history cache (C:\Users\Joao\Desktop\OpenChargesMap\.gradle\4.6\taskHistory)" [_thread_blocked, id=12156, stack(0x0000000032360000,0x0000000032460000)]
  0x000000001b004800 JavaThread "Cache worker for file content cache (C:\Users\Joao\Desktop\OpenChargesMap\.gradle\4.6\fileContent)" [_thread_blocked, id=6420, stack(0x0000000032260000,0x0000000032360000)]
  0x000000001b003000 JavaThread "Build operations Thread 4" [_thread_blocked, id=7680, stack(0x0000000032160000,0x0000000032260000)]
  0x000000001b001000 JavaThread "Build operations Thread 3" [_thread_blocked, id=2708, stack(0x0000000032060000,0x0000000032160000)]
  0x000000001b007800 JavaThread "Build operations Thread 2" [_thread_blocked, id=9856, stack(0x0000000031f60000,0x0000000032060000)]
  0x000000001aff9800 JavaThread "Build operations" [_thread_blocked, id=2008, stack(0x0000000031e60000,0x0000000031f60000)]
  0x000000001b000000 JavaThread "Cache worker for Artifact transforms cache (C:\Users\Joao\.gradle\caches\transforms-1)" [_thread_blocked, id=10936, stack(0x0000000031d60000,0x0000000031e60000)]
  0x000000001affa000 JavaThread "Cache worker for file hash cache (C:\Users\Joao\Desktop\OpenChargesMap\.gradle\4.6\fileHashes)" [_thread_blocked, id=2648, stack(0x0000000031c60000,0x0000000031d60000)]
  0x000000001aff8800 JavaThread "Stdin handler" [_thread_blocked, id=10780, stack(0x0000000031b60000,0x0000000031c60000)]
  0x000000001afff800 JavaThread "Asynchronous log dispatcher for DefaultDaemonConnection: socket connection from /127.0.0.1:9320 to /127.0.0.1:10255" [_thread_blocked, id=8800, stack(0x0000000031a60000,0x0000000031b60000)]
  0x000000001affe800 JavaThread "Cancel handler" [_thread_blocked, id=8616, stack(0x0000000031960000,0x0000000031a60000)]
  0x000000001affd000 JavaThread "Handler for socket connection from /127.0.0.1:9320 to /127.0.0.1:10255" [_thread_in_native, id=3136, stack(0x0000000031860000,0x0000000031960000)]
  0x000000001affe000 JavaThread "Daemon worker Thread 5" [_thread_blocked, id=908, stack(0x000000002f760000,0x000000002f860000)]
  0x000000001affc800 JavaThread "Daemon Thread 5" [_thread_blocked, id=5456, stack(0x000000002f460000,0x000000002f560000)]
  0x000000001b002800 JavaThread "MarlinRenderer Disposer" daemon [_thread_blocked, id=11492, stack(0x0000000026f60000,0x0000000027060000)]
  0x000000001b001800 JavaThread "Java2D Disposer" daemon [_thread_blocked, id=11120, stack(0x0000000026e60000,0x0000000026f60000)]
  0x000000001bc0d000 JavaThread "pool-1-thread-1" [_thread_blocked, id=5068, stack(0x0000000024260000,0x0000000024360000)]
  0x000000001d4ad800 JavaThread "Memory manager" [_thread_blocked, id=7464, stack(0x0000000021820000,0x0000000021920000)]
  0x0000000019458000 JavaThread "File lock request listener" [_thread_in_native, id=9644, stack(0x000000001ab80000,0x000000001ac80000)]
  0x00000000193df000 JavaThread "Cache worker for file hash cache (C:\Users\Joao\.gradle\caches\4.6\fileHashes)" [_thread_blocked, id=10700, stack(0x000000001aa80000,0x000000001ab80000)]
  0x00000000184cb800 JavaThread "Daemon periodic checks" [_thread_blocked, id=10696, stack(0x0000000019f80000,0x000000001a080000)]
  0x00000000184bd000 JavaThread "Incoming local TCP Connector on port 9320" [_thread_in_native, id=4052, stack(0x0000000019d20000,0x0000000019e20000)]
  0x0000000017a3a000 JavaThread "Service Thread" daemon [_thread_blocked, id=6028, stack(0x0000000017e10000,0x0000000017f10000)]
  0x000000001609d000 JavaThread "C1 CompilerThread2" daemon [_thread_blocked, id=9700, stack(0x0000000017910000,0x0000000017a10000)]
  0x0000000016097000 JavaThread "C2 CompilerThread1" daemon [_thread_in_native, id=3716, stack(0x0000000017810000,0x0000000017910000)]
  0x000000001608e800 JavaThread "C2 CompilerThread0" daemon [_thread_in_native, id=10480, stack(0x0000000017710000,0x0000000017810000)]
  0x000000001608c000 JavaThread "Attach Listener" daemon [_thread_blocked, id=2384, stack(0x0000000017610000,0x0000000017710000)]
  0x000000001608b000 JavaThread "Signal Dispatcher" daemon [_thread_blocked, id=10372, stack(0x0000000017510000,0x0000000017610000)]
=>0x00000000026e8000 JavaThread "Finalizer" daemon [_thread_in_native, id=4564, stack(0x00000000172f0000,0x00000000173f0000)]
  0x00000000026e2800 JavaThread "Reference Handler" daemon [_thread_blocked, id=6596, stack(0x00000000171f0000,0x00000000172f0000)]
  0x00000000024ee000 JavaThread "main" [_thread_blocked, id=5608, stack(0x00000000024f0000,0x00000000025f0000)]

Other Threads:
  0x0000000016056000 VMThread [stack: 0x00000000170f0000,0x00000000171f0000] [id=11644]
  0x0000000017a3a800 WatcherThread [stack: 0x0000000017f10000,0x0000000018010000] [id=4164]

VM state:not at safepoint (normal execution)

VM Mutex/Monitor currently owned by a thread: None

Heap:
 PSYoungGen      total 388096K, used 3233K [0x00000000e0000000, 0x00000000fcb80000, 0x0000000100000000)
  eden space 309760K, 1% used [0x00000000e0000000,0x00000000e03287f0,0x00000000f2e80000)
  from space 78336K, 0% used [0x00000000f7900000,0x00000000f7900000,0x00000000fc580000)
  to   space 76288K, 0% used [0x00000000f2e80000,0x00000000f2e80000,0x00000000f7900000)
 ParOldGen       total 271872K, used 94664K [0x00000000a0000000, 0x00000000b0980000, 0x00000000e0000000)
  object space 271872K, 34% used [0x00000000a0000000,0x00000000a5c72080,0x00000000b0980000)
 Metaspace       used 137402K, capacity 141268K, committed 146920K, reserved 1177600K
  class space    used 16360K, capacity 17320K, committed 18008K, reserved 1048576K

Card table byte_map: [0x0000000011ac0000,0x0000000011dd0000] byte_map_base: 0x00000000115c0000

Marking Bits: (ParMarkBitMap*) 0x000000005ad45aa0
 Begin Bits: [0x00000000123d0000, 0x0000000013bd0000)
 End Bits:   [0x0000000013bd0000, 0x00000000153d0000)

Polling page: 0x0000000000850000

CodeCache: size=245760Kb used=64832Kb max_used=65316Kb free=180927Kb
 bounds [0x0000000002700000, 0x0000000006740000, 0x0000000011700000]
 total_blobs=18943 nmethods=17994 adapters=860
 compilation: enabled

Compilation events (10 events):
Event: 4546.433 Thread 0x000000001609d000 22520       3       java.lang.invoke.AbstractValidatingLambdaMetafactory::validateMetafactoryArgs (864 bytes)
Event: 4546.444 Thread 0x000000001609d000 nmethod 22520 0x0000000006722c90 code [0x0000000006723ba0, 0x000000000672ffc8]
Event: 4546.444 Thread 0x000000001609d000 22521   !   3       java.lang.invoke.InnerClassLambdaMetafactory::buildCallSite (156 bytes)
Event: 4546.445 Thread 0x000000001609d000 nmethod 22521 0x0000000005edd510 code [0x0000000005edd860, 0x0000000005edf2a8]
Event: 4546.445 Thread 0x000000001609d000 22523       3       java.lang.invoke.InnerClassLambdaMetafactory::<init> (262 bytes)
Event: 4546.449 Thread 0x000000001609d000 nmethod 22523 0x0000000005d56ed0 code [0x0000000005d57300, 0x0000000005d5a108]
Event: 4546.456 Thread 0x0000000016097000 22524       4       java.util.concurrent.atomic.AtomicReference::<init> (5 bytes)
Event: 4546.456 Thread 0x0000000016097000 nmethod 22524 0x0000000002c36d50 code [0x0000000002c36e80, 0x0000000002c36ed8]
Event: 4546.477 Thread 0x000000001609d000 22525       3       com.android.tools.r8.org.objectweb.asm.ClassReader::readUnsignedShort (26 bytes)
Event: 4546.478 Thread 0x000000001609d000 nmethod 22525 0x0000000004fa1250 code [0x0000000004fa13a0, 0x0000000004fa1550]

GC Heap History (10 events):
Event: 4530.986 GC heap before
{Heap before GC invocations=49 (full 4):
 PSYoungGen      total 314880K, used 276020K [0x00000000e0000000, 0x00000000f7680000, 0x0000000100000000)
  eden space 256512K, 100% used [0x00000000e0000000,0x00000000efa80000,0x00000000efa80000)
  from space 58368K, 33% used [0x00000000f3d80000,0x00000000f508d0f8,0x00000000f7680000)
  to   space 63488K, 0% used [0x00000000efa80000,0x00000000efa80000,0x00000000f3880000)
 ParOldGen       total 249856K, used 183895K [0x00000000a0000000, 0x00000000af400000, 0x00000000e0000000)
  object space 249856K, 73% used [0x00000000a0000000,0x00000000ab395d98,0x00000000af400000)
 Metaspace       used 138538K, capacity 142326K, committed 142424K, reserved 1173504K
  class space    used 16510K, capacity 17473K, committed 17496K, reserved 1048576K
Event: 4531.073 GC heap after
Heap after GC invocations=49 (full 4):
 PSYoungGen      total 320000K, used 49447K [0x00000000e0000000, 0x00000000f9280000, 0x0000000100000000)
  eden space 256512K, 0% used [0x00000000e0000000,0x00000000e0000000,0x00000000efa80000)
  from space 63488K, 77% used [0x00000000efa80000,0x00000000f2ac9d58,0x00000000f3880000)
  to   space 68096K, 0% used [0x00000000f5000000,0x00000000f5000000,0x00000000f9280000)
 ParOldGen       total 249856K, used 183903K [0x00000000a0000000, 0x00000000af400000, 0x00000000e0000000)
  object space 249856K, 73% used [0x00000000a0000000,0x00000000ab397d98,0x00000000af400000)
 Metaspace       used 138538K, capacity 142326K, committed 142424K, reserved 1173504K
  class space    used 16510K, capacity 17473K, committed 17496K, reserved 1048576K
}
Event: 4544.361 GC heap before
{Heap before GC invocations=50 (full 4):
 PSYoungGen      total 320000K, used 305959K [0x00000000e0000000, 0x00000000f9280000, 0x0000000100000000)
  eden space 256512K, 100% used [0x00000000e0000000,0x00000000efa80000,0x00000000efa80000)
  from space 63488K, 77% used [0x00000000efa80000,0x00000000f2ac9d58,0x00000000f3880000)
  to   space 68096K, 0% used [0x00000000f5000000,0x00000000f5000000,0x00000000f9280000)
 ParOldGen       total 249856K, used 183903K [0x00000000a0000000, 0x00000000af400000, 0x00000000e0000000)
  object space 249856K, 73% used [0x00000000a0000000,0x00000000ab397d98,0x00000000af400000)
 Metaspace       used 140531K, capacity 144396K, committed 144728K, reserved 1175552K
  class space    used 16695K, capacity 17660K, committed 17752K, reserved 1048576K
Event: 4544.398 GC heap after
Heap after GC invocations=50 (full 4):
 PSYoungGen      total 333824K, used 30303K [0x00000000e0000000, 0x00000000f8a80000, 0x0000000100000000)
  eden space 273920K, 0% used [0x00000000e0000000,0x00000000e0000000,0x00000000f0b80000)
  from space 59904K, 50% used [0x00000000f5000000,0x00000000f6d97e70,0x00000000f8a80000)
  to   space 65024K, 0% used [0x00000000f0b80000,0x00000000f0b80000,0x00000000f4b00000)
 ParOldGen       total 249856K, used 183911K [0x00000000a0000000, 0x00000000af400000, 0x00000000e0000000)
  object space 249856K, 73% used [0x00000000a0000000,0x00000000ab399d98,0x00000000af400000)
 Metaspace       used 140531K, capacity 144396K, committed 144728K, reserved 1175552K
  class space    used 16695K, capacity 17660K, committed 17752K, reserved 1048576K
}
Event: 4545.730 GC heap before
{Heap before GC invocations=51 (full 4):
 PSYoungGen      total 333824K, used 304223K [0x00000000e0000000, 0x00000000f8a80000, 0x0000000100000000)
  eden space 273920K, 100% used [0x00000000e0000000,0x00000000f0b80000,0x00000000f0b80000)
  from space 59904K, 50% used [0x00000000f5000000,0x00000000f6d97e70,0x00000000f8a80000)
  to   space 65024K, 0% used [0x00000000f0b80000,0x00000000f0b80000,0x00000000f4b00000)
 ParOldGen       total 249856K, used 183911K [0x00000000a0000000, 0x00000000af400000, 0x00000000e0000000)
  object space 249856K, 73% used [0x00000000a0000000,0x00000000ab399d98,0x00000000af400000)
 Metaspace       used 141009K, capacity 144872K, committed 144984K, reserved 1177600K
  class space    used 16744K, capacity 17734K, committed 17752K, reserved 1048576K
Event: 4545.793 GC heap after
Heap after GC invocations=51 (full 4):
 PSYoungGen      total 338944K, used 65020K [0x00000000e0000000, 0x00000000fc580000, 0x0000000100000000)
  eden space 273920K, 0% used [0x00000000e0000000,0x00000000e0000000,0x00000000f0b80000)
  from space 65024K, 99% used [0x00000000f0b80000,0x00000000f4aff1a8,0x00000000f4b00000)
  to   space 78336K, 0% used [0x00000000f7900000,0x00000000f7900000,0x00000000fc580000)
 ParOldGen       total 249856K, used 194739K [0x00000000a0000000, 0x00000000af400000, 0x00000000e0000000)
  object space 249856K, 77% used [0x00000000a0000000,0x00000000abe2cd20,0x00000000af400000)
 Metaspace       used 141009K, capacity 144872K, committed 144984K, reserved 1177600K
  class space    used 16744K, capacity 17734K, committed 17752K, reserved 1048576K
}
Event: 4546.484 GC heap before
{Heap before GC invocations=52 (full 4):
 PSYoungGen      total 338944K, used 105101K [0x00000000e0000000, 0x00000000fc580000, 0x0000000100000000)
  eden space 273920K, 14% used [0x00000000e0000000,0x00000000e2724590,0x00000000f0b80000)
  from space 65024K, 99% used [0x00000000f0b80000,0x00000000f4aff1a8,0x00000000f4b00000)
  to   space 78336K, 0% used [0x00000000f7900000,0x00000000f7900000,0x00000000fc580000)
 ParOldGen       total 249856K, used 194739K [0x00000000a0000000, 0x00000000af400000, 0x00000000e0000000)
  object space 249856K, 77% used [0x00000000a0000000,0x00000000abe2cd20,0x00000000af400000)
 Metaspace       used 142879K, capacity 146866K, committed 146920K, reserved 1177600K
  class space    used 16975K, capacity 17983K, committed 18008K, reserved 1048576K
Event: 4546.544 GC heap after
Heap after GC invocations=52 (full 4):
 PSYoungGen      total 388096K, used 40066K [0x00000000e0000000, 0x00000000fcb80000, 0x0000000100000000)
  eden space 309760K, 0% used [0x00000000e0000000,0x00000000e0000000,0x00000000f2e80000)
  from space 78336K, 51% used [0x00000000f7900000,0x00000000fa020ab0,0x00000000fc580000)
  to   space 76288K, 0% used [0x00000000f2e80000,0x00000000f2e80000,0x00000000f7900000)
 ParOldGen       total 249856K, used 199136K [0x00000000a0000000, 0x00000000af400000, 0x00000000e0000000)
  object space 249856K, 79% used [0x00000000a0000000,0x00000000ac278158,0x00000000af400000)
 Metaspace       used 142879K, capacity 146866K, committed 146920K, reserved 1177600K
  class space    used 16975K, capacity 17983K, committed 18008K, reserved 1048576K
}
Event: 4546.544 GC heap before
{Heap before GC invocations=53 (full 5):
 PSYoungGen      total 388096K, used 40066K [0x00000000e0000000, 0x00000000fcb80000, 0x0000000100000000)
  eden space 309760K, 0% used [0x00000000e0000000,0x00000000e0000000,0x00000000f2e80000)
  from space 78336K, 51% used [0x00000000f7900000,0x00000000fa020ab0,0x00000000fc580000)
  to   space 76288K, 0% used [0x00000000f2e80000,0x00000000f2e80000,0x00000000f7900000)
 ParOldGen       total 249856K, used 199136K [0x00000000a0000000, 0x00000000af400000, 0x00000000e0000000)
  object space 249856K, 79% used [0x00000000a0000000,0x00000000ac278158,0x00000000af400000)
 Metaspace       used 142879K, capacity 146866K, committed 146920K, reserved 1177600K
  class space    used 16975K, capacity 17983K, committed 18008K, reserved 1048576K
Event: 4546.955 GC heap after
Heap after GC invocations=53 (full 5):
 PSYoungGen      total 388096K, used 0K [0x00000000e0000000, 0x00000000fcb80000, 0x0000000100000000)
  eden space 309760K, 0% used [0x00000000e0000000,0x00000000e0000000,0x00000000f2e80000)
  from space 78336K, 0% used [0x00000000f7900000,0x00000000f7900000,0x00000000fc580000)
  to   space 76288K, 0% used [0x00000000f2e80000,0x00000000f2e80000,0x00000000f7900000)
 ParOldGen       total 271872K, used 94664K [0x00000000a0000000, 0x00000000b0980000, 0x00000000e0000000)
  object space 271872K, 34% used [0x00000000a0000000,0x00000000a5c72080,0x00000000b0980000)
 Metaspace       used 137221K, capacity 141062K, committed 146920K, reserved 1177600K
  class space    used 16339K, capacity 17315K, committed 18008K, reserved 1048576K
}

Deoptimization events (10 events):
Event: 4546.117 Thread 0x000000001ebcf800 Uncommon trap: reason=unstable_if action=reinterpret pc=0x00000000037d6c6c method=sun.nio.fs.WindowsPathParser.isSlash(C)Z @ 9
Event: 4546.117 Thread 0x000000001ebd3800 Uncommon trap: reason=unstable_if action=reinterpret pc=0x0000000002956db8 method=sun.nio.fs.WindowsPathParser.isSlash(C)Z @ 9
Event: 4546.145 Thread 0x000000001ebcf800 Uncommon trap: reason=unstable_if action=reinterpret pc=0x0000000003fbe54c method=sun.nio.fs.WindowsPathParser.isLetter(C)Z @ 3
Event: 4546.160 Thread 0x000000001ebcf800 Uncommon trap: reason=unstable_if action=reinterpret pc=0x00000000047c016c method=sun.nio.ch.ChannelInputStream.read([BII)I @ 37
Event: 4546.394 Thread 0x000000001ebcf800 Uncommon trap: reason=class_check action=maybe_recompile pc=0x000000000668f55c method=java.util.Collections$SetFromMap.add(Ljava/lang/Object;)Z @ 8
Event: 4546.394 Thread 0x000000001ebd3800 Uncommon trap: reason=class_check action=maybe_recompile pc=0x000000000668f55c method=java.util.Collections$SetFromMap.add(Ljava/lang/Object;)Z @ 8
Event: 4546.394 Thread 0x000000001ebd3800 Uncommon trap: reason=class_check action=maybe_recompile pc=0x000000000668f55c method=java.util.Collections$SetFromMap.add(Ljava/lang/Object;)Z @ 8
Event: 4546.394 Thread 0x000000001ebcf800 Uncommon trap: reason=class_check action=maybe_recompile pc=0x000000000668f55c method=java.util.Collections$SetFromMap.add(Ljava/lang/Object;)Z @ 8
Event: 4546.451 Thread 0x000000001ebcf800 Uncommon trap: reason=unstable_if action=reinterpret pc=0x0000000003ec1d20 method=java.nio.Bits.putInt(Ljava/nio/ByteBuffer;IIZ)V @ 1
Event: 4546.452 Thread 0x000000001ebcf800 Uncommon trap: reason=unstable_if action=reinterpret pc=0x00000000046650e4 method=jdk.internal.org.objectweb.asm.Item.isEqualTo(Ljdk/internal/org/objectweb/asm/Item;)Z @ 331

Classes redefined (0 events):
No events

Internal exceptions (10 events):
Event: 4522.771 Thread 0x00000000026e8000 Exception <a 'java/lang/NoClassDefFoundError': org/sqlite/SQLiteErrorCode> (0x00000000e00cb5d8) thrown at [D:\src\AOSP-openjdk-cygwin\jdk8u\hotspot\src\share\vm\oops\constantPool.cpp, line 235]
Event: 4522.771 Thread 0x00000000026e8000 Exception <a 'java/lang/NoClassDefFoundError': org/sqlite/SQLiteErrorCode> (0x00000000e00cb840) thrown at [D:\src\AOSP-openjdk-cygwin\jdk8u\hotspot\src\share\vm\oops\constantPool.cpp, line 235]
Event: 4522.771 Thread 0x00000000026e8000 Exception <a 'java/lang/NoClassDefFoundError': org/sqlite/SQLiteErrorCode> (0x00000000e00eb838) thrown at [D:\src\AOSP-openjdk-cygwin\jdk8u\hotspot\src\share\vm\oops\constantPool.cpp, line 235]
Event: 4522.772 Thread 0x00000000026e8000 Exception <a 'java/lang/NoClassDefFoundError': org/sqlite/SQLiteErrorCode> (0x00000000e00ebaa0) thrown at [D:\src\AOSP-openjdk-cygwin\jdk8u\hotspot\src\share\vm\oops\constantPool.cpp, line 235]
Event: 4545.210 Thread 0x000000001ebcf800 Exception <a 'sun/nio/fs/WindowsException'> (0x00000000eefc2570) thrown at [D:\src\AOSP-openjdk-cygwin\jdk8u\hotspot\src\share\vm\prims\jni.cpp, line 709]
Event: 4546.108 Thread 0x000000001ebcf800 Exception <a 'java/lang/NoSuchMethodError': java.lang.Object.lambda$and$0(Ljava/util/function/Predicate;Ljava/lang/Object;)Z> (0x00000000e1a36e00) thrown at [D:\src\AOSP-openjdk-cygwin\jdk8u\hotspot\src\share\vm\interpreter\linkResolver.cpp, line 584]
Event: 4546.108 Thread 0x000000001ebd3800 Exception <a 'java/lang/NoSuchMethodError': java.lang.Object.lambda$and$0(Ljava/util/function/Predicate;Ljava/lang/Object;)Z> (0x00000000e1b13098) thrown at [D:\src\AOSP-openjdk-cygwin\jdk8u\hotspot\src\share\vm\interpreter\linkResolver.cpp, line 584]
Event: 4546.112 Thread 0x000000001ebd3800 Exception <a 'java/lang/NoSuchMethodError': java.lang.Object.lambda$static$0(Ljava/lang/String;)Z> (0x00000000e1b1b498) thrown at [D:\src\AOSP-openjdk-cygwin\jdk8u\hotspot\src\share\vm\interpreter\linkResolver.cpp, line 584]
Event: 4546.321 Thread 0x000000001ebd3800 Exception <a 'sun/nio/fs/WindowsException'> (0x00000000e1ffdb00) thrown at [D:\src\AOSP-openjdk-cygwin\jdk8u\hotspot\src\share\vm\prims\jni.cpp, line 709]
Event: 4546.321 Thread 0x000000001ebcf800 Exception <a 'sun/nio/fs/WindowsException'> (0x00000000e2047278) thrown at [D:\src\AOSP-openjdk-cygwin\jdk8u\hotspot\src\share\vm\prims\jni.cpp, line 709]

Events (10 events):
Event: 4546.480 loading class com/android/tools/r8/org/objectweb/asm/MethodWriter
Event: 4546.480 loading class com/android/tools/r8/org/objectweb/asm/MethodWriter done
Event: 4546.481 loading class com/android/tools/r8/org/objectweb/asm/util/Printer
Event: 4546.481 loading class com/android/tools/r8/org/objectweb/asm/util/Printer done
Event: 4546.482 loading class com/android/tools/r8/org/objectweb/asm/util/Textifier
Event: 4546.482 loading class com/android/tools/r8/org/objectweb/asm/util/Textifier done
Event: 4546.484 Executing VM operation: CollectForMetadataAllocation
Event: 4546.955 Executing VM operation: CollectForMetadataAllocation done
Event: 4546.956 loading class com/android/tools/r8/org/objectweb/asm/util/TraceMethodVisitor
Event: 4546.956 loading class com/android/tools/r8/org/objectweb/asm/util/TraceMethodVisitor done


Dynamic libraries:
0x00007ff722680000 - 0x00007ff7226b1000 	C:\Program Files\Android\Android Studio\jre\bin\java.exe
0x00007ff8ec120000 - 0x00007ff8ec301000 	C:\WINDOWS\SYSTEM32\ntdll.dll
0x00007ff8ea490000 - 0x00007ff8ea542000 	C:\WINDOWS\System32\KERNEL32.DLL
0x00007ff8e8c00000 - 0x00007ff8e8e73000 	C:\WINDOWS\System32\KERNELBASE.dll
0x00007ff8e9af0000 - 0x00007ff8e9b91000 	C:\WINDOWS\System32\ADVAPI32.dll
0x00007ff8ebcb0000 - 0x00007ff8ebd4e000 	C:\WINDOWS\System32\msvcrt.dll
0x00007ff8eba50000 - 0x00007ff8ebaab000 	C:\WINDOWS\System32\sechost.dll
0x00007ff8e9ea0000 - 0x00007ff8e9fc4000 	C:\WINDOWS\System32\RPCRT4.dll
0x00007ff8e9fd0000 - 0x00007ff8ea160000 	C:\WINDOWS\System32\USER32.dll
0x00007ff8e9360000 - 0x00007ff8e9380000 	C:\WINDOWS\System32\win32u.dll
0x00007ff8ebbc0000 - 0x00007ff8ebbe8000 	C:\WINDOWS\System32\GDI32.dll
0x00007ff8e9170000 - 0x00007ff8e9302000 	C:\WINDOWS\System32\gdi32full.dll
0x00007ff8e9510000 - 0x00007ff8e95af000 	C:\WINDOWS\System32\msvcp_win.dll
0x00007ff8e9070000 - 0x00007ff8e916a000 	C:\WINDOWS\System32\ucrtbase.dll
0x00007ff8d9f20000 - 0x00007ff8da189000 	C:\WINDOWS\WinSxS\amd64_microsoft.windows.common-controls_6595b64144ccf1df_6.0.17134.523_none_fb409dd930672a56\COMCTL32.dll
0x00007ff8ea160000 - 0x00007ff8ea482000 	C:\WINDOWS\System32\combase.dll
0x00007ff8e9490000 - 0x00007ff8e950a000 	C:\WINDOWS\System32\bcryptPrimitives.dll
0x00007ff8ea5d0000 - 0x00007ff8ea5fd000 	C:\WINDOWS\System32\IMM32.DLL
0x000000005a4a0000 - 0x000000005a572000 	C:\Program Files\Android\Android Studio\jre\jre\bin\msvcr100.dll
0x000000005a580000 - 0x000000005adc1000 	C:\Program Files\Android\Android Studio\jre\jre\bin\server\jvm.dll
0x00007ff8eba40000 - 0x00007ff8eba48000 	C:\WINDOWS\System32\PSAPI.DLL
0x00007ff8e2b90000 - 0x00007ff8e2b9a000 	C:\WINDOWS\SYSTEM32\VERSION.dll
0x00007ff8e7080000 - 0x00007ff8e7089000 	C:\WINDOWS\SYSTEM32\WSOCK32.dll
0x00007ff8e4300000 - 0x00007ff8e4323000 	C:\WINDOWS\SYSTEM32\WINMM.dll
0x0000000002460000 - 0x00000000024cc000 	C:\WINDOWS\System32\ws2_32.DLL
0x00007ff8e42d0000 - 0x00007ff8e42fa000 	C:\WINDOWS\SYSTEM32\winmmbase.dll
0x00007ff8e9310000 - 0x00007ff8e9359000 	C:\WINDOWS\System32\cfgmgr32.dll
0x00007ff8e4a20000 - 0x00007ff8e4a2f000 	C:\Program Files\Android\Android Studio\jre\jre\bin\verify.dll
0x00007ff8d8120000 - 0x00007ff8d8149000 	C:\Program Files\Android\Android Studio\jre\jre\bin\java.dll
0x00007ff8df510000 - 0x00007ff8df526000 	C:\Program Files\Android\Android Studio\jre\jre\bin\zip.dll
0x00007ff8ea600000 - 0x00007ff8eba40000 	C:\WINDOWS\System32\SHELL32.dll
0x00007ff8ec040000 - 0x00007ff8ec0e9000 	C:\WINDOWS\System32\shcore.dll
0x00007ff8e84f0000 - 0x00007ff8e8bfd000 	C:\WINDOWS\System32\windows.storage.dll
0x00007ff8ebb50000 - 0x00007ff8ebba1000 	C:\WINDOWS\System32\shlwapi.dll
0x00007ff8e84b0000 - 0x00007ff8e84c1000 	C:\WINDOWS\System32\kernel.appcore.dll
0x00007ff8e8490000 - 0x00007ff8e84af000 	C:\WINDOWS\System32\profapi.dll
0x00007ff8e8440000 - 0x00007ff8e848c000 	C:\WINDOWS\System32\powrprof.dll
0x00007ff8e8430000 - 0x00007ff8e843a000 	C:\WINDOWS\System32\FLTLIB.DLL
0x00007ff8db120000 - 0x00007ff8db13a000 	C:\Program Files\Android\Android Studio\jre\jre\bin\net.dll
0x00007ff8e7cb0000 - 0x00007ff8e7d16000 	C:\WINDOWS\system32\mswsock.dll
0x00007ff8dad40000 - 0x00007ff8dad51000 	C:\Program Files\Android\Android Studio\jre\jre\bin\nio.dll
0x00007ff8cefd0000 - 0x00007ff8cefee000 	C:\Users\Joao\.gradle\native\25\windows-amd64\native-platform.dll
0x00007ff8e4760000 - 0x00007ff8e476d000 	C:\Program Files\Android\Android Studio\jre\jre\bin\management.dll
0x00007ff8e7e60000 - 0x00007ff8e7e77000 	C:\WINDOWS\SYSTEM32\CRYPTSP.dll
0x00007ff8e7890000 - 0x00007ff8e78c3000 	C:\WINDOWS\system32\rsaenh.dll
0x00007ff8e7f90000 - 0x00007ff8e7fb5000 	C:\WINDOWS\SYSTEM32\bcrypt.dll
0x00007ff8e8360000 - 0x00007ff8e8388000 	C:\WINDOWS\SYSTEM32\USERENV.dll
0x00007ff8e7e80000 - 0x00007ff8e7e8b000 	C:\WINDOWS\SYSTEM32\CRYPTBASE.dll
0x00007ff8e7a30000 - 0x00007ff8e7a68000 	C:\WINDOWS\SYSTEM32\IPHLPAPI.DLL
0x00007ff8ebd50000 - 0x00007ff8ebd58000 	C:\WINDOWS\System32\NSI.dll
0x00007ff8e29a0000 - 0x00007ff8e29b6000 	C:\WINDOWS\SYSTEM32\dhcpcsvc6.DLL
0x00007ff8e27c0000 - 0x00007ff8e27da000 	C:\WINDOWS\SYSTEM32\dhcpcsvc.DLL
0x00007ff8ce0b0000 - 0x00007ff8ce247000 	C:\Program Files\Android\Android Studio\jre\jre\bin\awt.dll
0x00007ff8ebd60000 - 0x00007ff8ebe22000 	C:\WINDOWS\System32\OLEAUT32.dll
0x00007ff8e53b0000 - 0x00007ff8e5977000 	C:\WINDOWS\SYSTEM32\d2d1.dll
0x00007ff8e6060000 - 0x00007ff8e60eb000 	C:\WINDOWS\SYSTEM32\apphelp.dll
0x00007ff8e69e0000 - 0x00007ff8e6a09000 	C:\WINDOWS\system32\DWMAPI.DLL
0x00007ff8e6190000 - 0x00007ff8e6228000 	C:\WINDOWS\system32\uxtheme.dll
0x00000000216d0000 - 0x00000000217c2000 	C:\Users\Joao\AppData\Local\Temp\room-b417602e-3a7b-44c9-8ffe-287edd6edaae\sqlite-3.20.1-77ea06a9-ca96-47e2-9d11-74577733dc08-sqlitejdbc.dll
0x0000000022720000 - 0x0000000022812000 	C:\Users\Joao\AppData\Local\Temp\room-f4dd55f4-b4db-4eb1-8f22-b0aad16b3203\sqlite-3.20.1-ae0070c8-8d15-4dd2-9c03-c7e09b780720-sqlitejdbc.dll
0x0000000022ed0000 - 0x0000000022fc2000 	C:\Users\Joao\AppData\Local\Temp\room-3bff6cc0-68f4-421b-8a54-9bd1f5a56eb4\sqlite-3.20.1-e0bc3bd0-e2cd-43fd-8345-4aa547a6e389-sqlitejdbc.dll
0x0000000026960000 - 0x0000000026a52000 	C:\Users\Joao\AppData\Local\Temp\room-ed77fc1f-80bd-42af-9d56-6a47fc79c95f\sqlite-3.20.1-380db109-33b8-4fb5-8703-dd38e973408a-sqlitejdbc.dll
0x0000000027060000 - 0x0000000027152000 	C:\Users\Joao\AppData\Local\Temp\room-ffae1ecb-49ed-4d19-8804-82246093d8d0\sqlite-3.20.1-271cf94a-000d-45ae-a1e4-6e7aebe772fa-sqlitejdbc.dll
0x0000000027160000 - 0x0000000027252000 	C:\Users\Joao\AppData\Local\Temp\room-67eb7718-6dfe-4d13-b788-1e2ed2b4c9fe\sqlite-3.20.1-d49f2ecb-311f-43b6-ab13-12e609839620-sqlitejdbc.dll
0x0000000028c30000 - 0x0000000028d22000 	C:\Users\Joao\AppData\Local\Temp\room-12743277-2d05-4f03-98f0-2a36a9b643cf\sqlite-3.20.1-d284768e-8024-4df4-9cc0-a29ebe944671-sqlitejdbc.dll
0x00007ff8d3490000 - 0x00007ff8d3659000 	C:\WINDOWS\SYSTEM32\dbghelp.dll

VM Arguments:
jvm_args: -Xmx1536m -Dfile.encoding=windows-1252 -Duser.country=PT -Duser.language=pt -Duser.variant 
java_command: org.gradle.launcher.daemon.bootstrap.GradleDaemon 4.6
java_class_path (initial): C:\Users\Joao\.gradle\wrapper\dists\gradle-4.6-all\bcst21l2brirad8k2ben1letg\gradle-4.6\lib\gradle-launcher-4.6.jar
Launcher Type: SUN_STANDARD

Environment Variables:
CLASSPATH=C:\Users\Joao\Documents\Faculdade\PEI\Xerces-J-src.2.11.0\xerces-2_11_0\xercesSamples.jar
PATH=C:\ProgramData\Oracle\Java\javapath;C:\WINDOWS\system32;C:\WINDOWS;C:\WINDOWS\System32\Wbem;C:\WINDOWS\System32\WindowsPowerShell\v1.0\;C:\Program Files (x86)\NVIDIA Corporation\PhysX\Common;C:\Program Files\Liquid Technologies\Liquid Studio 2017\XmlDataBinder15\Redist15\cpp\win32\bin;C:\Program Files\Liquid Technologies\Liquid Studio 2017\XmlDataBinder15\Redist15\cpp\win64\bin;C:\Program Files\NetBeans 8.2\extide\ant\bin;C:\WINDOWS\system32;C:\WINDOWS;C:\WINDOWS\System32\Wbem;C:\WINDOWS\System32\WindowsPowerShell\v1.0\;C:\WINDOWS\System32\OpenSSH\;C:\Program Files\Microsoft SQL Server\Client SDK\ODBC\130\Tools\Binn\;C:\Program Files (x86)\Microsoft SQL Server\140\Tools\Binn\;C:\Program Files\Microsoft SQL Server\140\Tools\Binn\;C:\Program Files\Microsoft SQL Server\140\DTS\Binn\;C:\Program Files (x86)\Microsoft SQL Server\Client SDK\ODBC\130\Tools\Binn\;C:\Program Files (x86)\Microsoft SQL Server\140\DTS\Binn\;C:\Program Files (x86)\Microsoft SQL Server\140\Tools\Binn\ManagementStudio\;C:\Program Files (x86)\Microsoft SQL Server\100\Tools\Binn\;C:\Program Files (x86)\Microsoft SQL Server\100\DTS\Binn\;C:\Program Files\Git\cmd;C:\Program Files\NVIDIA Corporation\NVIDIA NvDLISR;C:\Users\Joao\AppData\Local\Microsoft\WindowsApps;
USERNAME=Joao
OS=Windows_NT
PROCESSOR_IDENTIFIER=Intel64 Family 6 Model 61 Stepping 4, GenuineIntel



---------------  S Y S T E M  ---------------

OS: Windows 10.0 , 64 bit Build 17134 (10.0.17134.1)

CPU:total 4 (initial active 4) (2 cores per cpu, 2 threads per core) family 6 model 61 stepping 4, cmov, cx8, fxsr, mmx, sse, sse2, sse3, ssse3, sse4.1, sse4.2, popcnt, avx, avx2, aes, clmul, erms, 3dnowpref, lzcnt, ht, tsc, tscinvbit, bmi1, bmi2, adx

Memory: 4k page, physical 8288728k(1459232k free), swap 17413592k(8438664k free)

vm_info: OpenJDK 64-Bit Server VM (25.152-b06) for windows-amd64 JRE (1.8.0_152-release-1136-b06), built by "builder" with MS VC++ 10.0 (VS2010)

time: Mon Feb 11 23:49:35 2019
elapsed time: 4547 seconds (0d 1h 15m 47s)

